<?xml version="1.0" encoding="UTF-8"?>
<!-- Generated by org.testng.reporters.JUnitReportReporter -->
<testsuite skipped="0" hostname="Anups-MacBook-Pro.local" name="cpm.qa.testpages.HomePageTest" tests="3" failures="0" timestamp="21 Aug 2018 07:11:10 GMT" time="22.948" errors="0">
  <testcase name="HomePageTitle" time="7.217" classname="cpm.qa.testpages.HomePageTest"/>
  <testcase name="ValidateHomePageLogo" time="8.310" classname="cpm.qa.testpages.HomePageTest"/>
  <testcase name="Scrollthepage" time="7.421" classname="cpm.qa.testpages.HomePageTest"/>
</testsuite> <!-- cpm.qa.testpages.HomePageTest -->
